# JRE version: Java(TM) SE Runtime Environment (17.0.8+9) (build 17.0.8+9-LTS-211)
# Java VM: Java HotSpot(TM) 64-Bit Server VM (17.0.8+9-LTS-211, mixed mode, sharing, tiered, compressed oops, compressed class ptrs, g1 gc, windows-amd64)
GC Precious Log:
 CPUs: 8 total, 8 available
 Memory: 7845M
 Large Page Support: Disabled
 NUMA Support: Disabled
 Compressed Oops: Enabled (32-bit)
 Heap Region Size: 1M
 Heap Min Capacity: 8M
 Heap Initial Capacity: 124M
 Heap Max Capacity: 1962M
 Pre-touch: Disabled
 Parallel Workers: 8
 Concurrent Workers: 2
 Concurrent Refinement Workers: 8
 Periodic GC: Disabled
Heap:
 garbage-first heap   total 74752K, used 49534K [0x0000000085600000, 0x0000000100000000)
  region size 1024K, 25 young (25600K), 3 survivors (3072K)
 Metaspace       used 68872K, committed 69440K, reserved 1114112K
  class space    used 9381K, committed 9664K, reserved 1048576K
GC Heap History (20 events):
Event: 14.029 GC heap before
{Heap before GC invocations=6 (full 0):
 garbage-first heap   total 58368K, used 38326K [0x0000000085600000, 0x0000000100000000)
  region size 1024K, 22 young (22528K), 1 survivors (1024K)
 Metaspace       used 27092K, committed 27456K, reserved 1114112K
  class space    used 3453K, committed 3648K, reserved 1048576K
}
Event: 14.031 GC heap after
{Heap after GC invocations=7 (full 0):
 garbage-first heap   total 58368K, used 18776K [0x0000000085600000, 0x0000000100000000)
  region size 1024K, 2 young (2048K), 2 survivors (2048K)
 Metaspace       used 27092K, committed 27456K, reserved 1114112K
  class space    used 3453K, committed 3648K, reserved 1048576K
}
Event: 16.302 GC heap before
{Heap before GC invocations=7 (full 0):
 garbage-first heap   total 58368K, used 41304K [0x0000000085600000, 0x0000000100000000)
  region size 1024K, 24 young (24576K), 2 survivors (2048K)
 Metaspace       used 31413K, committed 31744K, reserved 1114112K
  class space    used 4066K, committed 4224K, reserved 1048576K
}
Event: 16.310 GC heap after
{Heap after GC invocations=8 (full 0):
 garbage-first heap   total 58368K, used 21037K [0x0000000085600000, 0x0000000100000000)
  region size 1024K, 3 young (3072K), 3 survivors (3072K)
 Metaspace       used 31413K, committed 31744K, reserved 1114112K
  class space    used 4066K, committed 4224K, reserved 1048576K
}
Event: 17.725 GC heap before
{Heap before GC invocations=8 (full 0):
 garbage-first heap   total 58368K, used 39469K [0x0000000085600000, 0x0000000100000000)
  region size 1024K, 23 young (23552K), 3 survivors (3072K)
 Metaspace       used 35590K, committed 35968K, reserved 1114112K
  class space    used 4505K, committed 4672K, reserved 1048576K
}
Event: 17.733 GC heap after
{Heap after GC invocations=9 (full 0):
 garbage-first heap   total 58368K, used 23429K [0x0000000085600000, 0x0000000100000000)
  region size 1024K, 3 young (3072K), 3 survivors (3072K)
 Metaspace       used 35590K, committed 35968K, reserved 1114112K
  class space    used 4505K, committed 4672K, reserved 1048576K
}
Event: 19.348 GC heap before
{Heap before GC invocations=10 (full 0):
 garbage-first heap   total 58368K, used 42885K [0x0000000085600000, 0x0000000100000000)
  region size 1024K, 22 young (22528K), 3 survivors (3072K)
 Metaspace       used 42896K, committed 43328K, reserved 1114112K
  class space    used 5327K, committed 5568K, reserved 1048576K
}
Event: 19.353 GC heap after
{Heap after GC invocations=11 (full 0):
 garbage-first heap   total 58368K, used 23998K [0x0000000085600000, 0x0000000100000000)
  region size 1024K, 2 young (2048K), 2 survivors (2048K)
 Metaspace       used 42896K, committed 43328K, reserved 1114112K
  class space    used 5327K, committed 5568K, reserved 1048576K
}
Event: 19.423 GC heap before
{Heap before GC invocations=11 (full 0):
 garbage-first heap   total 58368K, used 25022K [0x0000000085600000, 0x0000000100000000)
  region size 1024K, 3 young (3072K), 2 survivors (2048K)
 Metaspace       used 43119K, committed 43520K, reserved 1114112K
  class space    used 5352K, committed 5568K, reserved 1048576K
}
Event: 19.426 GC heap after
{Heap after GC invocations=12 (full 0):
 garbage-first heap   total 58368K, used 23571K [0x0000000085600000, 0x0000000100000000)
  region size 1024K, 1 young (1024K), 1 survivors (1024K)
 Metaspace       used 43119K, committed 43520K, reserved 1114112K
  class space    used 5352K, committed 5568K, reserved 1048576K
}
Event: 20.715 GC heap before
{Heap before GC invocations=12 (full 0):
 garbage-first heap   total 58368K, used 44051K [0x0000000085600000, 0x0000000100000000)
  region size 1024K, 21 young (21504K), 1 survivors (1024K)
 Metaspace       used 47643K, committed 48128K, reserved 1114112K
  class space    used 6100K, committed 6336K, reserved 1048576K
}
Event: 20.717 GC heap after
{Heap after GC invocations=13 (full 0):
 garbage-first heap   total 58368K, used 24500K [0x0000000085600000, 0x0000000100000000)
  region size 1024K, 2 young (2048K), 2 survivors (2048K)
 Metaspace       used 47643K, committed 48128K, reserved 1114112K
  class space    used 6100K, committed 6336K, reserved 1048576K
}
Event: 21.759 GC heap before
{Heap before GC invocations=13 (full 0):
 garbage-first heap   total 58368K, used 43956K [0x0000000085600000, 0x0000000100000000)
  region size 1024K, 22 young (22528K), 2 survivors (2048K)
 Metaspace       used 52785K, committed 53312K, reserved 1114112K
  class space    used 6900K, committed 7168K, reserved 1048576K
}
Event: 21.762 GC heap after
{Heap after GC invocations=14 (full 0):
 garbage-first heap   total 58368K, used 25945K [0x0000000085600000, 0x0000000100000000)
  region size 1024K, 3 young (3072K), 3 survivors (3072K)
 Metaspace       used 52785K, committed 53312K, reserved 1114112K
  class space    used 6900K, committed 7168K, reserved 1048576K
}
Event: 22.769 GC heap before
{Heap before GC invocations=14 (full 0):
 garbage-first heap   total 58368K, used 44377K [0x0000000085600000, 0x0000000100000000)
  region size 1024K, 22 young (22528K), 3 survivors (3072K)
 Metaspace       used 57357K, committed 57856K, reserved 1114112K
  class space    used 7570K, committed 7808K, reserved 1048576K
}
Event: 22.773 GC heap after
{Heap after GC invocations=15 (full 0):
 garbage-first heap   total 58368K, used 26921K [0x0000000085600000, 0x0000000100000000)
  region size 1024K, 3 young (3072K), 3 survivors (3072K)
 Metaspace       used 57357K, committed 57856K, reserved 1114112K
  class space    used 7570K, committed 7808K, reserved 1048576K
}
Event: 23.332 GC heap before
{Heap before GC invocations=15 (full 0):
 garbage-first heap   total 58368K, used 38185K [0x0000000085600000, 0x0000000100000000)
  region size 1024K, 15 young (15360K), 3 survivors (3072K)
 Metaspace       used 59656K, committed 60160K, reserved 1114112K
  class space    used 7855K, committed 8128K, reserved 1048576K
}
Event: 23.336 GC heap after
{Heap after GC invocations=16 (full 0):
 garbage-first heap   total 58368K, used 27418K [0x0000000085600000, 0x0000000100000000)
  region size 1024K, 2 young (2048K), 2 survivors (2048K)
 Metaspace       used 59656K, committed 60160K, reserved 1114112K
  class space    used 7855K, committed 8128K, reserved 1048576K
}
Event: 24.480 GC heap before
{Heap before GC invocations=17 (full 0):
 garbage-first heap   total 58368K, used 45850K [0x0000000085600000, 0x0000000100000000)
  region size 1024K, 20 young (20480K), 2 survivors (2048K)
 Metaspace       used 64761K, committed 65280K, reserved 1114112K
  class space    used 8773K, committed 9024K, reserved 1048576K
}
Event: 24.483 GC heap after
{Heap after GC invocations=18 (full 0):
 garbage-first heap   total 74752K, used 28030K [0x0000000085600000, 0x0000000100000000)
  region size 1024K, 3 young (3072K), 3 survivors (3072K)
 Metaspace       used 64761K, committed 65280K, reserved 1114112K
  class space    used 8773K, committed 9024K, reserved 1048576K
}

